INFO:__main__:Ripping DVD: D: DICK_VAN_DYKE_SEASON1_DISC4
INFO:__main__:Ripping DICK_VAN_DYKE_SEASON1_DISC4 DICK_VAN_DYKE_SEASON1_DISC4 with MakeMKV
INFO:makemkv:Running "makemkvcon mkv dev:D: 0 C:\Users\Daren\Videos\Media\DICK_VAN_DYKE_SEASON1_DISC4_raw --robot --progress=-same --noscan --minlength 1200"
INFO:makemkv:Scanning CD-ROM devices (5018)
INFO:makemkv:Using direct disc access mode (3007)
INFO:makemkv:Title #1 was added (6 cell(s), 0:25:29) (3028)
INFO:makemkv:Title #2 was added (6 cell(s), 0:25:29) (3028)
INFO:makemkv:Title #3 was added (5 cell(s), 0:25:39) (3028)
INFO:makemkv:Title #4 was added (5 cell(s), 0:25:39) (3028)
INFO:makemkv:Title #5 was added (6 cell(s), 0:25:56) (3028)
INFO:makemkv:Title #6 was added (6 cell(s), 0:25:56) (3028)
INFO:makemkv:Title #7 was added (6 cell(s), 0:25:55) (3028)
INFO:makemkv:Title #8 was added (6 cell(s), 0:25:55) (3028)
INFO:makemkv:Title #9 was added (6 cell(s), 0:25:46) (3028)
INFO:makemkv:Title #10 was added (6 cell(s), 0:25:46) (3028)
INFO:makemkv:Title #11 was added (6 cell(s), 0:25:40) (3028)
INFO:makemkv:Title #12 was added (6 cell(s), 0:25:40) (3028)
INFO:makemkv:Title #13 has length of 118 seconds which is less than minimum title length of 1200 seconds and was therefore skipped (3025)
INFO:makemkv:Title #14 has length of 118 seconds which is less than minimum title length of 1200 seconds and was therefore skipped (3025)
INFO:makemkv:Title #15 has length of 14 seconds which is less than minimum title length of 1200 seconds and was therefore skipped (3025)
INFO:makemkv:Title #16 has length of 14 seconds which is less than minimum title length of 1200 seconds and was therefore skipped (3025)
INFO:makemkv:Title #17 has length of 15 seconds which is less than minimum title length of 1200 seconds and was therefore skipped (3025)
INFO:makemkv:Title #18 has length of 15 seconds which is less than minimum title length of 1200 seconds and was therefore skipped (3025)
INFO:makemkv:Title #19 has length of 35 seconds which is less than minimum title length of 1200 seconds and was therefore skipped (3025)
INFO:makemkv:Title #20 has length of 5 seconds which is less than minimum title length of 1200 seconds and was therefore skipped (3025)
INFO:makemkv:Title #21 has length of 20 seconds which is less than minimum title length of 1200 seconds and was therefore skipped (3025)
INFO:makemkv:Title #22 has length of 25 seconds which is less than minimum title length of 1200 seconds and was therefore skipped (3025)
INFO:makemkv:Title #23 has length of 20 seconds which is less than minimum title length of 1200 seconds and was therefore skipped (3025)
INFO:makemkv:Title #24 has length of 45 seconds which is less than minimum title length of 1200 seconds and was therefore skipped (3025)
INFO:makemkv:Title 2 in VTS 1 is equal to title 1 and was skipped (3027)
INFO:makemkv:Title 2 in VTS 2 is equal to title 1 and was skipped (3027)
INFO:makemkv:Title 2 in VTS 3 is equal to title 1 and was skipped (3027)
INFO:makemkv:Title 2 in VTS 4 is equal to title 1 and was skipped (3027)
INFO:makemkv:Title 2 in VTS 5 is equal to title 1 and was skipped (3027)
INFO:makemkv:Title 2 in VTS 6 is equal to title 1 and was skipped (3027)
INFO:makemkv:Operation successfully completed (5011)
INFO:makemkv:Saving all titles to MKV files (5024)
INFO:makemkv:Saving 1 titles into directory file://C:\\Users\\Daren\\Videos\\Media\\DICK_VAN_DYKE_SEASON1_DISC4_raw (5014)
INFO:makemkv:1 titles saved (5005)
INFO:makemkv:Copy complete. 1 titles saved. (5036)
INFO:__main__:Compressing folder: C:\Users\Daren\Videos\Media\DICK_VAN_DYKE_SEASON1_DISC4_raw
